  [1m[36m (26.3ms)[0m  [1mCREATE TABLE "schema_migrations" ("version" character varying(255) NOT NULL) [0m
  [1m[35m (2.9ms)[0m  CREATE UNIQUE INDEX  "unique_schema_migrations" ON "schema_migrations"  ("version")
  [1m[36mActiveRecord::SchemaMigration Load (0.4ms)[0m  [1mSELECT "schema_migrations".* FROM "schema_migrations"[0m
Migrating to CreateUsers (20141010191436)
  [1m[35m (0.1ms)[0m  BEGIN
  [1m[36m (29.6ms)[0m  [1mCREATE TABLE "users" ("id" serial primary key, "username" character varying(255) NOT NULL, "email" character varying(255) NOT NULL, "password_digest" character varying(255), "created_at" timestamp, "updated_at" timestamp) [0m
  [1m[35mSQL (6.2ms)[0m  INSERT INTO "schema_migrations" ("version") VALUES ($1)  [["version", "20141010191436"]]
  [1m[36m (6.2ms)[0m  [1mCOMMIT[0m
Migrating to CreateSpots (20141010191459)
  [1m[35m (5.8ms)[0m  BEGIN
  [1m[36m (15.5ms)[0m  [1mCREATE TABLE "spots" ("id" serial primary key, "user_id" integer, "name" character varying(255) NOT NULL, "address" character varying(255) NOT NULL, "phone" character varying(255) NOT NULL, "website" character varying(255), "price" integer NOT NULL, "photo" character varying(255), "favorites_count" integer DEFAULT 0, "created_at" timestamp, "updated_at" timestamp) [0m
  [1m[35mSQL (6.3ms)[0m  INSERT INTO "schema_migrations" ("version") VALUES ($1)  [["version", "20141010191459"]]
  [1m[36m (0.8ms)[0m  [1mCOMMIT[0m
Migrating to CreateComments (20141010191510)
  [1m[35m (0.2ms)[0m  BEGIN
  [1m[36m (3.1ms)[0m  [1mCREATE TABLE "comments" ("id" serial primary key, "user_id" integer NOT NULL, "spot_id" integer NOT NULL, "body" text NOT NULL, "created_at" timestamp, "updated_at" timestamp) [0m
  [1m[35mSQL (0.2ms)[0m  INSERT INTO "schema_migrations" ("version") VALUES ($1)  [["version", "20141010191510"]]
  [1m[36m (2.2ms)[0m  [1mCOMMIT[0m
Migrating to CreateFavorites (20141010191900)
  [1m[35m (0.3ms)[0m  BEGIN
  [1m[36m (2.8ms)[0m  [1mCREATE TABLE "favorites" ("id" serial primary key, "user_id" integer NOT NULL, "spot_id" integer NOT NULL, "created_at" timestamp, "updated_at" timestamp) [0m
  [1m[35mSQL (0.2ms)[0m  INSERT INTO "schema_migrations" ("version") VALUES ($1)  [["version", "20141010191900"]]
  [1m[36m (0.5ms)[0m  [1mCOMMIT[0m
  [1m[35mActiveRecord::SchemaMigration Load (0.2ms)[0m  SELECT "schema_migrations".* FROM "schema_migrations"
  [1m[36mActiveRecord::SchemaMigration Load (0.4ms)[0m  [1mSELECT "schema_migrations".* FROM "schema_migrations"[0m
  [1m[35m (0.2ms)[0m  BEGIN
  [1m[36mSQL (6.4ms)[0m  [1mINSERT INTO "users" ("created_at", "email", "password_digest", "updated_at", "username") VALUES ($1, $2, $3, $4, $5) RETURNING "id"[0m  [["created_at", "2014-10-11 14:34:49.393284"], ["email", "sarah@gmail.com"], ["password_digest", "$2a$10$Tsam6hzKIcxlPY2oZICLnO9Ohy0eyAOUmd4sAhnIFoEi6R6BX0oRy"], ["updated_at", "2014-10-11 14:34:49.393284"], ["username", "sarah"]]
  [1m[35m (5.9ms)[0m  COMMIT
  [1m[36m (0.1ms)[0m  [1mBEGIN[0m
  [1m[35mSQL (6.4ms)[0m  INSERT INTO "spots" ("address", "created_at", "name", "phone", "price", "updated_at", "user_id") VALUES ($1, $2, $3, $4, $5, $6, $7) RETURNING "id"  [["address", "100 Fifth Avenue New York, NY 10003"], ["created_at", "2014-10-11 14:34:49.480763"], ["name", "Sarah's Bakery"], ["phone", "212-555-555"], ["price", 2], ["updated_at", "2014-10-11 14:34:49.480763"], ["user_id", 1]]
  [1m[36m (5.8ms)[0m  [1mCOMMIT[0m
  [1m[35m (0.2ms)[0m  BEGIN
  [1m[36mFavorite Exists (0.6ms)[0m  [1mSELECT  1 AS one FROM "favorites"  WHERE "favorites"."user_id" = 1 LIMIT 1[0m
  [1m[35mSQL (6.5ms)[0m  INSERT INTO "favorites" ("created_at", "spot_id", "updated_at", "user_id") VALUES ($1, $2, $3, $4) RETURNING "id"  [["created_at", "2014-10-11 14:34:49.514656"], ["spot_id", 1], ["updated_at", "2014-10-11 14:34:49.514656"], ["user_id", 1]]
  [1m[36mSQL (0.6ms)[0m  [1mUPDATE "spots" SET "favorites_count" = COALESCE("favorites_count", 0) + 1 WHERE "spots"."id" = 1[0m
  [1m[35m (6.2ms)[0m  COMMIT
  [1m[36m (0.2ms)[0m  [1mBEGIN[0m
  [1m[35mSQL (5.9ms)[0m  INSERT INTO "comments" ("body", "created_at", "spot_id", "updated_at", "user_id") VALUES ($1, $2, $3, $4, $5) RETURNING "id"  [["body", "Best cookies ever!"], ["created_at", "2014-10-11 14:34:49.549907"], ["spot_id", 1], ["updated_at", "2014-10-11 14:34:49.549907"], ["user_id", 1]]
  [1m[36m (0.4ms)[0m  [1mCOMMIT[0m
  [1m[36m (119.6ms)[0m  [1mDROP DATABASE IF EXISTS "TheSpot_test"[0m
  [1m[35m (410.0ms)[0m  CREATE DATABASE "TheSpot_test" ENCODING = 'unicode'
  [1m[36mSQL (0.4ms)[0m  [1mCREATE EXTENSION IF NOT EXISTS "plpgsql"[0m
  [1m[35m (21.5ms)[0m  CREATE TABLE "comments" ("id" serial primary key, "user_id" integer NOT NULL, "spot_id" integer NOT NULL, "body" text NOT NULL, "created_at" timestamp, "updated_at" timestamp) 
  [1m[36m (2.4ms)[0m  [1mCREATE TABLE "favorites" ("id" serial primary key, "user_id" integer NOT NULL, "spot_id" integer NOT NULL, "created_at" timestamp, "updated_at" timestamp) [0m
  [1m[35m (27.3ms)[0m  CREATE TABLE "spots" ("id" serial primary key, "user_id" integer, "name" character varying(255) NOT NULL, "address" character varying(255) NOT NULL, "phone" character varying(255) NOT NULL, "website" character varying(255), "price" integer NOT NULL, "photo" character varying(255), "favorites_count" integer DEFAULT 0, "created_at" timestamp, "updated_at" timestamp) 
  [1m[36m (3.2ms)[0m  [1mCREATE TABLE "users" ("id" serial primary key, "username" character varying(255) NOT NULL, "email" character varying(255) NOT NULL, "password_digest" character varying(255), "created_at" timestamp, "updated_at" timestamp) [0m
  [1m[35m (12.0ms)[0m  CREATE TABLE "schema_migrations" ("version" character varying(255) NOT NULL) 
  [1m[36m (1.4ms)[0m  [1mCREATE UNIQUE INDEX  "unique_schema_migrations" ON "schema_migrations"  ("version")[0m
  [1m[35m (0.3ms)[0m  SELECT version FROM "schema_migrations"
  [1m[36m (0.5ms)[0m  [1mINSERT INTO "schema_migrations" (version) VALUES ('20141010191900')[0m
  [1m[35m (0.4ms)[0m  INSERT INTO "schema_migrations" (version) VALUES ('20141010191436')
  [1m[36m (0.3ms)[0m  [1mINSERT INTO "schema_migrations" (version) VALUES ('20141010191459')[0m
  [1m[35m (0.3ms)[0m  INSERT INTO "schema_migrations" (version) VALUES ('20141010191510')
  [1m[36mUser Load (0.7ms)[0m  [1mSELECT  "users".* FROM "users"   ORDER BY "users"."id" ASC LIMIT 1[0m
  [1m[35mFavorite Load (0.4ms)[0m  SELECT  "favorites".* FROM "favorites"   ORDER BY "favorites"."id" ASC LIMIT 1
  [1m[36mFavorite Load (0.3ms)[0m  [1mSELECT "favorites".* FROM "favorites"[0m
  [1m[36mUser Load (0.5ms)[0m  [1mSELECT "users".* FROM "users"[0m
  [1m[35mFavorite Load (0.6ms)[0m  SELECT "favorites".* FROM "favorites"
  [1m[36mUser Load (0.6ms)[0m  [1mSELECT "users".* FROM "users"[0m
  [1m[35mSpot Load (0.7ms)[0m  SELECT "spots".* FROM "spots"
